2012/11/20 10:38:01 [error] [exception.CDbException] SQLSTATE[28000] [1045] Access denied for user 'myUsername'@'localhost' (using password: YES)
2012/11/20 10:44:05 [error] [php] file_get_contents(http://github.com/): failed to open stream: HTTP request failed!  (/Volumes/Data/work/apache/pinnect112/protected/modules/picture/components/simple_html_dom.php:559)
Stack trace:
#0 /Volumes/Data/work/apache/pinnect112/protected/modules/picture/components/simple_html_dom.php(519): simple_html_dom->load_file()
#1 /Volumes/Data/work/apache/pinnect112/protected/modules/picture/worklets/WPictureHelper.php(213): simple_html_dom->__construct()
#2 unknown(0): WPictureHelper->taskDom()
#3 /Volumes/Data/work/apache/pinnect112/framework/uniprogy/framework/worklets/UWorklet.php(94): call_user_func_array()
#4 /Volumes/Data/work/apache/pinnect112/protected/modules/picture/worklets/WPictureHelper.php(232): WPictureHelper->__call()
#5 /Volumes/Data/work/apache/pinnect112/protected/modules/picture/worklets/WPictureHelper.php(232): WPictureHelper->dom()
#6 unknown(0): WPictureHelper->taskImagesFromUrl()
#7 /Volumes/Data/work/apache/pinnect112/framework/uniprogy/framework/worklets/UWorklet.php(94): call_user_func_array()
#8 /Volumes/Data/work/apache/pinnect112/protected/modules/picture/worklets/WPictureAdd.php(46): WPictureHelper->__call()
#9 /Volumes/Data/work/apache/pinnect112/protected/modules/picture/worklets/WPictureAdd.php(46): WPictureHelper->imagesFromUrl()
#10 unknown(0): WPictureAdd->taskSave()
#11 /Volumes/Data/work/apache/pinnect112/framework/uniprogy/framework/worklets/UWorklet.php(94): call_user_func_array()
#12 /Volumes/Data/work/apache/pinnect112/framework/uniprogy/framework/worklets/UFormWorklet.php(125): WPictureAdd->__call()
#13 /Volumes/Data/work/apache/pinnect112/framework/uniprogy/framework/worklets/UFormWorklet.php(125): WPictureAdd->save()
#14 unknown(0): WPictureAdd->taskProcess()
#15 /Volumes/Data/work/apache/pinnect112/framework/uniprogy/framework/worklets/UWorklet.php(94): call_user_func_array()
#16 /Volumes/Data/work/apache/pinnect112/framework/uniprogy/framework/worklets/UFormWorklet.php(64): WPictureAdd->__call()
#17 /Volumes/Data/work/apache/pinnect112/framework/uniprogy/framework/worklets/UFormWorklet.php(64): WPictureAdd->process()
#18 unknown(0): WPictureAdd->taskBuild()
#19 /Volumes/Data/work/apache/pinnect112/framework/uniprogy/framework/worklets/UWorklet.php(94): call_user_func_array()
#20 /Volumes/Data/work/apache/pinnect112/framework/uniprogy/framework/worklets/UWidgetWorklet.php(54): WPictureAdd->__call()
#21 /Volumes/Data/work/apache/pinnect112/framework/uniprogy/framework/worklets/UWidgetWorklet.php(54): WPictureAdd->build()
#22 /Volumes/Data/work/apache/pinnect112/framework/uniprogy/framework/worklets/UWorkletManager.php(128): WPictureAdd->init()
#23 /Volumes/Data/work/apache/pinnect112/framework/uniprogy/framework/worklets/UWorkletManager.php(99): UWorkletManager->add()
#24 /Volumes/Data/work/apache/pinnect112/protected/modules/base/worklets/WBaseInit.php(82): UWorkletManager->addCurrent()
#25 unknown(0): WBaseInit->taskWorklet()
#26 /Volumes/Data/work/apache/pinnect112/framework/uniprogy/framework/worklets/UWorklet.php(94): call_user_func_array()
#27 /Volumes/Data/work/apache/pinnect112/protected/modules/base/worklets/WBaseInit.php(39): WBaseInit->__call()
#28 /Volumes/Data/work/apache/pinnect112/protected/modules/base/worklets/WBaseInit.php(39): WBaseInit->worklet()
#29 unknown(0): WBaseInit->taskBuild()
#30 /Volumes/Data/work/apache/pinnect112/framework/uniprogy/framework/worklets/UWorklet.php(94): call_user_func_array()
#31 /Volumes/Data/work/apache/pinnect112/framework/uniprogy/framework/yii/web/actions/UAction.php(28): WBaseInit->__call()
#32 /Volumes/Data/work/apache/pinnect112/framework/uniprogy/framework/yii/web/actions/UAction.php(28): WBaseInit->build()
#33 /Volumes/Data/work/apache/pinnect112/framework/yii/framework/web/actions/CAction.php(72): UAction->run()
#34 /Volumes/Data/work/apache/pinnect112/framework/yii/framework/web/CController.php(300): UAction->runWithParams()
#35 /Volumes/Data/work/apache/pinnect112/framework/yii/framework/web/filters/CFilterChain.php(134): DefaultController->runAction()
#36 /Volumes/Data/work/apache/pinnect112/framework/yii/framework/web/filters/CFilter.php(41): CFilterChain->run()
#37 /Volumes/Data/work/apache/pinnect112/framework/yii/framework/web/filters/CFilterChain.php(131): UAccessFilter->filter()
#38 /Volumes/Data/work/apache/pinnect112/framework/yii/framework/web/CController.php(283): CFilterChain->run()
#39 /Volumes/Data/work/apache/pinnect112/framework/yii/framework/web/CController.php(257): DefaultController->runActionWithFilters()
#40 /Volumes/Data/work/apache/pinnect112/framework/yii/framework/web/CWebApplication.php(277): DefaultController->run()
#41 /Volumes/Data/work/apache/pinnect112/framework/yii/framework/web/CWebApplication.php(136): UApp->runController()
#42 /Volumes/Data/work/apache/pinnect112/framework/yii/framework/base/CApplication.php(158): UApp->processRequest()
#43 /Volumes/Data/work/apache/pinnect112/index.php(12): UApp->run()
REQUEST_URI=/pinnect112/pin/add
2012/11/20 11:16:42 [error] [php] strtotime(): It is not safe to rely on the system's timezone settings. You are *required* to use the date.timezone setting or the date_default_timezone_set() function. In case you used any of those methods and you are still getting this warning, you most likely misspelled the timezone identifier. We selected 'Asia/Jakarta' for 'WIT/7.0/no DST' instead (/Volumes/Data/work/apache/pinnect112/framework/uniprogy/framework/helpers/UTimeWording.php:151)
Stack trace:
#0 unknown(0): WPictureHelper->taskChannel()
#1 /Volumes/Data/work/apache/pinnect112/framework/uniprogy/framework/worklets/UWorklet.php(94): call_user_func_array()
#2 /Volumes/Data/work/apache/pinnect112/protected/modules/picture/views/worklets/view/post.php(9): WPictureHelper->__call()
#3 /Volumes/Data/work/apache/pinnect112/protected/modules/picture/views/worklets/view/post.php(9): WPictureHelper->channel()
#4 /Volumes/Data/work/apache/pinnect112/framework/yii/framework/web/CBaseController.php(119): require()
#5 /Volumes/Data/work/apache/pinnect112/framework/yii/framework/web/CBaseController.php(88): WPictureView->renderInternal()
#6 /Volumes/Data/work/apache/pinnect112/framework/uniprogy/framework/worklets/UWidgetWorklet.php(339): WPictureView->renderFile()
#7 /Volumes/Data/work/apache/pinnect112/protected/modules/picture/worklets/WPictureView.php(27): WPictureView->render()
#8 unknown(0): WPictureView->taskRenderOutput()
#9 /Volumes/Data/work/apache/pinnect112/framework/uniprogy/framework/worklets/UWorklet.php(94): call_user_func_array()
#10 /Volumes/Data/work/apache/pinnect112/framework/uniprogy/framework/worklets/UWidgetWorklet.php(65): WPictureView->__call()
#11 /Volumes/Data/work/apache/pinnect112/framework/uniprogy/framework/worklets/UWidgetWorklet.php(65): WPictureView->renderOutput()
#12 /Volumes/Data/work/apache/pinnect112/protected/modules/base/worklets/WBaseInit.php(266): WPictureView->run()
#13 unknown(0): WBaseInit->taskRecordClips()
#14 /Volumes/Data/work/apache/pinnect112/framework/uniprogy/framework/worklets/UWorklet.php(94): call_user_func_array()
#15 /Volumes/Data/work/apache/pinnect112/protected/modules/base/worklets/WBaseInit.php(129): WBaseInit->__call()
#16 /Volumes/Data/work/apache/pinnect112/protected/modules/base/worklets/WBaseInit.php(129): WBaseInit->recordClips()
#17 unknown(0): WBaseInit->taskRenderPage()
#18 /Volumes/Data/work/apache/pinnect112/framework/uniprogy/framework/worklets/UWorklet.php(94): call_user_func_array()
#19 /Volumes/Data/work/apache/pinnect112/protected/modules/base/worklets/WBaseInit.php(40): WBaseInit->__call()
#20 /Volumes/Data/work/apache/pinnect112/protected/modules/base/worklets/WBaseInit.php(40): WBaseInit->renderPage()
#21 unknown(0): WBaseInit->taskBuild()
#22 /Volumes/Data/work/apache/pinnect112/framework/uniprogy/framework/worklets/UWorklet.php(94): call_user_func_array()
#23 /Volumes/Data/work/apache/pinnect112/framework/uniprogy/framework/yii/web/actions/UAction.php(28): WBaseInit->__call()
#24 /Volumes/Data/work/apache/pinnect112/framework/uniprogy/framework/yii/web/actions/UAction.php(28): WBaseInit->build()
#25 /Volumes/Data/work/apache/pinnect112/framework/yii/framework/web/actions/CAction.php(72): UAction->run()
#26 /Volumes/Data/work/apache/pinnect112/framework/yii/framework/web/CController.php(300): UAction->runWithParams()
#27 /Volumes/Data/work/apache/pinnect112/framework/yii/framework/web/filters/CFilterChain.php(134): DefaultController->runAction()
#28 /Volumes/Data/work/apache/pinnect112/framework/yii/framework/web/filters/CFilter.php(41): CFilterChain->run()
#29 /Volumes/Data/work/apache/pinnect112/framework/yii/framework/web/filters/CFilterChain.php(131): UAccessFilter->filter()
#30 /Volumes/Data/work/apache/pinnect112/framework/yii/framework/web/CController.php(283): CFilterChain->run()
#31 /Volumes/Data/work/apache/pinnect112/framework/yii/framework/web/CController.php(257): DefaultController->runActionWithFilters()
#32 /Volumes/Data/work/apache/pinnect112/framework/yii/framework/web/CWebApplication.php(277): DefaultController->run()
#33 /Volumes/Data/work/apache/pinnect112/framework/yii/framework/web/CWebApplication.php(136): UApp->runController()
#34 /Volumes/Data/work/apache/pinnect112/framework/yii/framework/base/CApplication.php(158): UApp->processRequest()
#35 /Volumes/Data/work/apache/pinnect112/index.php(12): UApp->run()
REQUEST_URI=/pinnect112/pin/1
2012/11/20 11:21:44 [error] [exception.CHttpException.404] exception 'CHttpException' with message 'The requested page does not exist.' in /Volumes/Data/work/apache/pinnect112/protected/modules/picture/worklets/WPictureView.php:16
Stack trace:
#0 [internal function]: WPictureView->taskConfig()
#1 /Volumes/Data/work/apache/pinnect112/framework/uniprogy/framework/worklets/UWorklet.php(94): call_user_func_array(Array, Array)
#2 /Volumes/Data/work/apache/pinnect112/framework/uniprogy/framework/worklets/UWidgetWorklet.php(158): UWorklet->__call('config', Array)
#3 /Volumes/Data/work/apache/pinnect112/framework/uniprogy/framework/worklets/UWidgetWorklet.php(158): WPictureView->config()
#4 [internal function]: UWidgetWorklet->taskBuild()
#5 /Volumes/Data/work/apache/pinnect112/framework/uniprogy/framework/worklets/UWorklet.php(94): call_user_func_array(Array, Array)
#6 /Volumes/Data/work/apache/pinnect112/framework/uniprogy/framework/worklets/UWidgetWorklet.php(54): UWorklet->__call('build', Array)
#7 /Volumes/Data/work/apache/pinnect112/framework/uniprogy/framework/worklets/UWidgetWorklet.php(54): WPictureView->build()
#8 /Volumes/Data/work/apache/pinnect112/framework/uniprogy/framework/worklets/UWorkletManager.php(128): UWidgetWorklet->init()
#9 /Volumes/Data/work/apache/pinnect112/framework/uniprogy/framework/worklets/UWorkletManager.php(99): UWorkletManager->add(Object(WPictureView), NULL, Array)
#10 /Volumes/Data/work/apache/pinnect112/protected/modules/base/worklets/WBaseInit.php(82): UWorkletManager->addCurrent(Object(WPictureView))
#11 [internal function]: WBaseInit->taskWorklet()
#12 /Volumes/Data/work/apache/pinnect112/framework/uniprogy/framework/worklets/UWorklet.php(94): call_user_func_array(Array, Array)
#13 /Volumes/Data/work/apache/pinnect112/protected/modules/base/worklets/WBaseInit.php(39): UWorklet->__call('worklet', Array)
#14 /Volumes/Data/work/apache/pinnect112/protected/modules/base/worklets/WBaseInit.php(39): WBaseInit->worklet()
#15 [internal function]: WBaseInit->taskBuild()
#16 /Volumes/Data/work/apache/pinnect112/framework/uniprogy/framework/worklets/UWorklet.php(94): call_user_func_array(Array, Array)
#17 /Volumes/Data/work/apache/pinnect112/framework/uniprogy/framework/yii/web/actions/UAction.php(28): UWorklet->__call('build', Array)
#18 /Volumes/Data/work/apache/pinnect112/framework/uniprogy/framework/yii/web/actions/UAction.php(28): WBaseInit->build()
#19 /Volumes/Data/work/apache/pinnect112/framework/yii/framework/web/actions/CAction.php(72): UAction->run()
#20 /Volumes/Data/work/apache/pinnect112/framework/yii/framework/web/CController.php(300): CAction->runWithParams(Array)
#21 /Volumes/Data/work/apache/pinnect112/framework/yii/framework/web/filters/CFilterChain.php(134): CController->runAction(Object(UAction))
#22 /Volumes/Data/work/apache/pinnect112/framework/yii/framework/web/filters/CFilter.php(41): CFilterChain->run()
#23 /Volumes/Data/work/apache/pinnect112/framework/yii/framework/web/filters/CFilterChain.php(131): CFilter->filter(Object(CFilterChain))
#24 /Volumes/Data/work/apache/pinnect112/framework/yii/framework/web/CController.php(283): CFilterChain->run()
#25 /Volumes/Data/work/apache/pinnect112/framework/yii/framework/web/CController.php(257): CController->runActionWithFilters(Object(UAction), Array)
#26 /Volumes/Data/work/apache/pinnect112/framework/yii/framework/web/CWebApplication.php(277): CController->run('view')
#27 /Volumes/Data/work/apache/pinnect112/framework/yii/framework/web/CWebApplication.php(136): CWebApplication->runController('picture/view')
#28 /Volumes/Data/work/apache/pinnect112/framework/yii/framework/base/CApplication.php(158): CWebApplication->processRequest()
#29 /Volumes/Data/work/apache/pinnect112/index.php(12): CApplication->run()
#30 {main} REQUEST_URI=/pinnect112/pin/2/edit
2012/11/20 14:11:10 [error] [system.db.CDbCommand] CDbCommand::fetchAll() failed: SQLSTATE[42S02]: Base table or view not found: 1146 Table 'pinnect112.pnct_giftmenu' doesn't exist. The SQL statement executed was: SHOW COLUMNS FROM `pnct_GiftMenu`.
2012/11/20 14:11:10 [error] [exception.CDbException] exception 'CDbException' with message 'The table "{{GiftMenu}}" for active record class "MGiftMenuForm" cannot be found in the database.' in D:\xampp\htdocs\pinnect\framework\yii\framework\db\ar\CActiveRecord.php:2276
Stack trace:
#0 D:\xampp\htdocs\pinnect\framework\yii\framework\db\ar\CActiveRecord.php(372): CActiveRecordMetaData->__construct(Object(MGiftMenuForm))
#1 D:\xampp\htdocs\pinnect\protected\modules\gift\models\MGiftMenuForm.php(10): CActiveRecord::model('MGiftMenuForm')
#2 D:\xampp\htdocs\pinnect\protected\modules\gift\behaviors\BGiftBaseMenu.php(12): MGiftMenuForm::model()
#3 D:\xampp\htdocs\pinnect\protected\modules\gift\behaviors\BGiftBaseMenu.php(6): BGiftBaseMenu->menu()
#4 [internal function]: BGiftBaseMenu->afterConfig(NULL)
#5 D:\xampp\htdocs\pinnect\framework\uniprogy\framework\worklets\UWorklet.php(108): call_user_func_array(Array, Array)
#6 [internal function]: UWorklet->__call('config', Array)
#7 D:\xampp\htdocs\pinnect\framework\uniprogy\framework\worklets\UWidgetWorklet.php(158): WBaseMenu->config()
#8 [internal function]: UWidgetWorklet->taskBuild()
#9 D:\xampp\htdocs\pinnect\framework\uniprogy\framework\worklets\UWorklet.php(94): call_user_func_array(Array, Array)
#10 [internal function]: UWorklet->__call('build', Array)
#11 D:\xampp\htdocs\pinnect\framework\uniprogy\framework\worklets\UWidgetWorklet.php(54): WBaseMenu->build()
#12 D:\xampp\htdocs\pinnect\framework\uniprogy\framework\worklets\UWorkletManager.php(128): UWidgetWorklet->init()
#13 D:\xampp\htdocs\pinnect\protected\modules\picture\worklets\WPictureIndex.php(20): UWorkletManager->add('base.menu')
#14 [internal function]: WPictureIndex->taskConfig()
#15 D:\xampp\htdocs\pinnect\framework\uniprogy\framework\worklets\UWorklet.php(94): call_user_func_array(Array, Array)
#16 [internal function]: UWorklet->__call('config', Array)
#17 D:\xampp\htdocs\pinnect\framework\uniprogy\framework\worklets\UWidgetWorklet.php(158): WPictureIndex->config()
#18 [internal function]: UWidgetWorklet->taskBuild()
#19 D:\xampp\htdocs\pinnect\framework\uniprogy\framework\worklets\UWorklet.php(94): call_user_func_array(Array, Array)
#20 [internal function]: UWorklet->__call('build', Array)
#21 D:\xampp\htdocs\pinnect\framework\uniprogy\framework\worklets\UWidgetWorklet.php(54): WPictureIndex->build()
#22 D:\xampp\htdocs\pinnect\framework\uniprogy\framework\worklets\UWorkletManager.php(128): UWidgetWorklet->init()
#23 D:\xampp\htdocs\pinnect\framework\uniprogy\framework\worklets\UWorkletManager.php(99): UWorkletManager->add(Object(WPictureIndex), NULL, Array)
#24 D:\xampp\htdocs\pinnect\protected\modules\base\worklets\WBaseInit.php(82): UWorkletManager->addCurrent(Object(WPictureIndex))
#25 [internal function]: WBaseInit->taskWorklet()
#26 D:\xampp\htdocs\pinnect\framework\uniprogy\framework\worklets\UWorklet.php(94): call_user_func_array(Array, Array)
#27 [internal function]: UWorklet->__call('worklet', Array)
#28 D:\xampp\htdocs\pinnect\protected\modules\base\worklets\WBaseInit.php(39): WBaseInit->worklet()
#29 [internal function]: WBaseInit->taskBuild()
#30 D:\xampp\htdocs\pinnect\framework\uniprogy\framework\worklets\UWorklet.php(94): call_user_func_array(Array, Array)
#31 [internal function]: UWorklet->__call('build', Array)
#32 D:\xampp\htdocs\pinnect\framework\uniprogy\framework\yii\web\actions\UAction.php(28): WBaseInit->build()
#33 D:\xampp\htdocs\pinnect\framework\yii\framework\web\actions\CAction.php(72): UAction->run()
#34 D:\xampp\htdocs\pinnect\framework\yii\framework\web\CController.php(300): CAction->runWithParams(Array)
#35 D:\xampp\htdocs\pinnect\framework\yii\framework\web\filters\CFilterChain.php(134): CController->runAction(Object(UAction))
#36 D:\xampp\htdocs\pinnect\framework\yii\framework\web\filters\CFilter.php(41): CFilterChain->run()
#37 D:\xampp\htdocs\pinnect\framework\yii\framework\web\filters\CFilterChain.php(131): CFilter->filter(Object(CFilterChain))
#38 D:\xampp\htdocs\pinnect\framework\yii\framework\web\CController.php(283): CFilterChain->run()
#39 D:\xampp\htdocs\pinnect\framework\yii\framework\web\CController.php(257): CController->runActionWithFilters(Object(UAction), Array)
#40 D:\xampp\htdocs\pinnect\framework\yii\framework\web\CWebApplication.php(277): CController->run('')
#41 D:\xampp\htdocs\pinnect\framework\yii\framework\web\CWebApplication.php(136): CWebApplication->runController('')
#42 D:\xampp\htdocs\pinnect\framework\yii\framework\base\CApplication.php(158): CWebApplication->processRequest()
#43 D:\xampp\htdocs\pinnect\index.php(12): CApplication->run()
#44 {main} REQUEST_URI=/pinnect/
2012/11/20 14:19:03 [error] [system.db.CDbCommand] CDbCommand::fetchAll() failed: SQLSTATE[42S02]: Base table or view not found: 1146 Table 'pinnect112.pnct_giftmenu' doesn't exist. The SQL statement executed was: SHOW COLUMNS FROM `pnct_GiftMenu`.
2012/11/20 14:19:03 [error] [exception.CDbException] exception 'CDbException' with message 'The table "{{GiftMenu}}" for active record class "MGiftMenuForm" cannot be found in the database.' in D:\xampp\htdocs\pinnect\framework\yii\framework\db\ar\CActiveRecord.php:2276
Stack trace:
#0 D:\xampp\htdocs\pinnect\framework\yii\framework\db\ar\CActiveRecord.php(372): CActiveRecordMetaData->__construct(Object(MGiftMenuForm))
#1 D:\xampp\htdocs\pinnect\protected\modules\gift\models\MGiftMenuForm.php(10): CActiveRecord::model('MGiftMenuForm')
#2 D:\xampp\htdocs\pinnect\protected\modules\gift\behaviors\BGiftBaseMenu.php(12): MGiftMenuForm::model()
#3 D:\xampp\htdocs\pinnect\protected\modules\gift\behaviors\BGiftBaseMenu.php(6): BGiftBaseMenu->menu()
#4 [internal function]: BGiftBaseMenu->afterConfig(NULL)
#5 D:\xampp\htdocs\pinnect\framework\uniprogy\framework\worklets\UWorklet.php(108): call_user_func_array(Array, Array)
#6 [internal function]: UWorklet->__call('config', Array)
#7 D:\xampp\htdocs\pinnect\framework\uniprogy\framework\worklets\UWidgetWorklet.php(158): WBaseMenu->config()
#8 [internal function]: UWidgetWorklet->taskBuild()
#9 D:\xampp\htdocs\pinnect\framework\uniprogy\framework\worklets\UWorklet.php(94): call_user_func_array(Array, Array)
#10 [internal function]: UWorklet->__call('build', Array)
#11 D:\xampp\htdocs\pinnect\framework\uniprogy\framework\worklets\UWidgetWorklet.php(54): WBaseMenu->build()
#12 D:\xampp\htdocs\pinnect\framework\uniprogy\framework\worklets\UWorkletManager.php(128): UWidgetWorklet->init()
#13 D:\xampp\htdocs\pinnect\protected\modules\picture\worklets\WPictureIndex.php(20): UWorkletManager->add('base.menu')
#14 [internal function]: WPictureIndex->taskConfig()
#15 D:\xampp\htdocs\pinnect\framework\uniprogy\framework\worklets\UWorklet.php(94): call_user_func_array(Array, Array)
#16 [internal function]: UWorklet->__call('config', Array)
#17 D:\xampp\htdocs\pinnect\framework\uniprogy\framework\worklets\UWidgetWorklet.php(158): WPictureIndex->config()
#18 [internal function]: UWidgetWorklet->taskBuild()
#19 D:\xampp\htdocs\pinnect\framework\uniprogy\framework\worklets\UWorklet.php(94): call_user_func_array(Array, Array)
#20 [internal function]: UWorklet->__call('build', Array)
#21 D:\xampp\htdocs\pinnect\framework\uniprogy\framework\worklets\UWidgetWorklet.php(54): WPictureIndex->build()
#22 D:\xampp\htdocs\pinnect\framework\uniprogy\framework\worklets\UWorkletManager.php(128): UWidgetWorklet->init()
#23 D:\xampp\htdocs\pinnect\framework\uniprogy\framework\worklets\UWorkletManager.php(99): UWorkletManager->add(Object(WPictureIndex), NULL, Array)
#24 D:\xampp\htdocs\pinnect\protected\modules\base\worklets\WBaseInit.php(82): UWorkletManager->addCurrent(Object(WPictureIndex))
#25 [internal function]: WBaseInit->taskWorklet()
#26 D:\xampp\htdocs\pinnect\framework\uniprogy\framework\worklets\UWorklet.php(94): call_user_func_array(Array, Array)
#27 [internal function]: UWorklet->__call('worklet', Array)
#28 D:\xampp\htdocs\pinnect\protected\modules\base\worklets\WBaseInit.php(39): WBaseInit->worklet()
#29 [internal function]: WBaseInit->taskBuild()
#30 D:\xampp\htdocs\pinnect\framework\uniprogy\framework\worklets\UWorklet.php(94): call_user_func_array(Array, Array)
#31 [internal function]: UWorklet->__call('build', Array)
#32 D:\xampp\htdocs\pinnect\framework\uniprogy\framework\yii\web\actions\UAction.php(28): WBaseInit->build()
#33 D:\xampp\htdocs\pinnect\framework\yii\framework\web\actions\CAction.php(72): UAction->run()
#34 D:\xampp\htdocs\pinnect\framework\yii\framework\web\CController.php(300): CAction->runWithParams(Array)
#35 D:\xampp\htdocs\pinnect\framework\yii\framework\web\filters\CFilterChain.php(134): CController->runAction(Object(UAction))
#36 D:\xampp\htdocs\pinnect\framework\yii\framework\web\filters\CFilter.php(41): CFilterChain->run()
#37 D:\xampp\htdocs\pinnect\framework\yii\framework\web\filters\CFilterChain.php(131): CFilter->filter(Object(CFilterChain))
#38 D:\xampp\htdocs\pinnect\framework\yii\framework\web\CController.php(283): CFilterChain->run()
#39 D:\xampp\htdocs\pinnect\framework\yii\framework\web\CController.php(257): CController->runActionWithFilters(Object(UAction), Array)
#40 D:\xampp\htdocs\pinnect\framework\yii\framework\web\CWebApplication.php(277): CController->run('')
#41 D:\xampp\htdocs\pinnect\framework\yii\framework\web\CWebApplication.php(136): CWebApplication->runController('')
#42 D:\xampp\htdocs\pinnect\framework\yii\framework\base\CApplication.php(158): CWebApplication->processRequest()
#43 D:\xampp\htdocs\pinnect\index.php(12): CApplication->run()
#44 {main} REQUEST_URI=/pinnect/
2012/11/20 14:19:11 [error] [system.db.CDbCommand] CDbCommand::fetchAll() failed: SQLSTATE[42S02]: Base table or view not found: 1146 Table 'pinnect112.pnct_giftmenu' doesn't exist. The SQL statement executed was: SHOW COLUMNS FROM `pnct_GiftMenu`.
2012/11/20 14:19:11 [error] [exception.CDbException] exception 'CDbException' with message 'The table "{{GiftMenu}}" for active record class "MGiftMenuForm" cannot be found in the database.' in D:\xampp\htdocs\pinnect\framework\yii\framework\db\ar\CActiveRecord.php:2276
Stack trace:
#0 D:\xampp\htdocs\pinnect\framework\yii\framework\db\ar\CActiveRecord.php(372): CActiveRecordMetaData->__construct(Object(MGiftMenuForm))
#1 D:\xampp\htdocs\pinnect\protected\modules\gift\models\MGiftMenuForm.php(10): CActiveRecord::model('MGiftMenuForm')
#2 D:\xampp\htdocs\pinnect\protected\modules\gift\behaviors\BGiftBaseMenu.php(12): MGiftMenuForm::model()
#3 D:\xampp\htdocs\pinnect\protected\modules\gift\behaviors\BGiftBaseMenu.php(6): BGiftBaseMenu->menu()
#4 [internal function]: BGiftBaseMenu->afterConfig(NULL)
#5 D:\xampp\htdocs\pinnect\framework\uniprogy\framework\worklets\UWorklet.php(108): call_user_func_array(Array, Array)
#6 [internal function]: UWorklet->__call('config', Array)
#7 D:\xampp\htdocs\pinnect\framework\uniprogy\framework\worklets\UWidgetWorklet.php(158): WBaseMenu->config()
#8 [internal function]: UWidgetWorklet->taskBuild()
#9 D:\xampp\htdocs\pinnect\framework\uniprogy\framework\worklets\UWorklet.php(94): call_user_func_array(Array, Array)
#10 [internal function]: UWorklet->__call('build', Array)
#11 D:\xampp\htdocs\pinnect\framework\uniprogy\framework\worklets\UWidgetWorklet.php(54): WBaseMenu->build()
#12 D:\xampp\htdocs\pinnect\framework\uniprogy\framework\worklets\UWorkletManager.php(128): UWidgetWorklet->init()
#13 D:\xampp\htdocs\pinnect\protected\modules\picture\worklets\WPictureIndex.php(20): UWorkletManager->add('base.menu')
#14 [internal function]: WPictureIndex->taskConfig()
#15 D:\xampp\htdocs\pinnect\framework\uniprogy\framework\worklets\UWorklet.php(94): call_user_func_array(Array, Array)
#16 [internal function]: UWorklet->__call('config', Array)
#17 D:\xampp\htdocs\pinnect\framework\uniprogy\framework\worklets\UWidgetWorklet.php(158): WPictureIndex->config()
#18 [internal function]: UWidgetWorklet->taskBuild()
#19 D:\xampp\htdocs\pinnect\framework\uniprogy\framework\worklets\UWorklet.php(94): call_user_func_array(Array, Array)
#20 [internal function]: UWorklet->__call('build', Array)
#21 D:\xampp\htdocs\pinnect\framework\uniprogy\framework\worklets\UWidgetWorklet.php(54): WPictureIndex->build()
#22 D:\xampp\htdocs\pinnect\framework\uniprogy\framework\worklets\UWorkletManager.php(128): UWidgetWorklet->init()
#23 D:\xampp\htdocs\pinnect\framework\uniprogy\framework\worklets\UWorkletManager.php(99): UWorkletManager->add(Object(WPictureIndex), NULL, Array)
#24 D:\xampp\htdocs\pinnect\protected\modules\base\worklets\WBaseInit.php(82): UWorkletManager->addCurrent(Object(WPictureIndex))
#25 [internal function]: WBaseInit->taskWorklet()
#26 D:\xampp\htdocs\pinnect\framework\uniprogy\framework\worklets\UWorklet.php(94): call_user_func_array(Array, Array)
#27 [internal function]: UWorklet->__call('worklet', Array)
#28 D:\xampp\htdocs\pinnect\protected\modules\base\worklets\WBaseInit.php(39): WBaseInit->worklet()
#29 [internal function]: WBaseInit->taskBuild()
#30 D:\xampp\htdocs\pinnect\framework\uniprogy\framework\worklets\UWorklet.php(94): call_user_func_array(Array, Array)
#31 [internal function]: UWorklet->__call('build', Array)
#32 D:\xampp\htdocs\pinnect\framework\uniprogy\framework\yii\web\actions\UAction.php(28): WBaseInit->build()
#33 D:\xampp\htdocs\pinnect\framework\yii\framework\web\actions\CAction.php(72): UAction->run()
#34 D:\xampp\htdocs\pinnect\framework\yii\framework\web\CController.php(300): CAction->runWithParams(Array)
#35 D:\xampp\htdocs\pinnect\framework\yii\framework\web\filters\CFilterChain.php(134): CController->runAction(Object(UAction))
#36 D:\xampp\htdocs\pinnect\framework\yii\framework\web\filters\CFilter.php(41): CFilterChain->run()
#37 D:\xampp\htdocs\pinnect\framework\yii\framework\web\filters\CFilterChain.php(131): CFilter->filter(Object(CFilterChain))
#38 D:\xampp\htdocs\pinnect\framework\yii\framework\web\CController.php(283): CFilterChain->run()
#39 D:\xampp\htdocs\pinnect\framework\yii\framework\web\CController.php(257): CController->runActionWithFilters(Object(UAction), Array)
#40 D:\xampp\htdocs\pinnect\framework\yii\framework\web\CWebApplication.php(277): CController->run('')
#41 D:\xampp\htdocs\pinnect\framework\yii\framework\web\CWebApplication.php(136): CWebApplication->runController('base')
#42 D:\xampp\htdocs\pinnect\framework\yii\framework\base\CApplication.php(158): CWebApplication->processRequest()
#43 D:\xampp\htdocs\pinnect\index.php(12): CApplication->run()
#44 {main} REQUEST_URI=/pinnect/admin
2012/11/20 14:43:46 [error] [system.db.CDbCommand] CDbCommand::fetchAll() failed: SQLSTATE[42S02]: Base table or view not found: 1146 Table 'pinnect112.pnct_giftmenu' doesn't exist. The SQL statement executed was: SHOW COLUMNS FROM `pnct_GiftMenu`.
2012/11/20 14:43:46 [error] [exception.CDbException] exception 'CDbException' with message 'The table "{{GiftMenu}}" for active record class "MGiftMenuForm" cannot be found in the database.' in D:\xampp\htdocs\pinnect\framework\yii\framework\db\ar\CActiveRecord.php:2276
Stack trace:
#0 D:\xampp\htdocs\pinnect\framework\yii\framework\db\ar\CActiveRecord.php(372): CActiveRecordMetaData->__construct(Object(MGiftMenuForm))
#1 D:\xampp\htdocs\pinnect\protected\modules\gift\models\MGiftMenuForm.php(10): CActiveRecord::model('MGiftMenuForm')
#2 D:\xampp\htdocs\pinnect\protected\modules\gift\behaviors\BGiftBaseMenu.php(12): MGiftMenuForm::model()
#3 D:\xampp\htdocs\pinnect\protected\modules\gift\behaviors\BGiftBaseMenu.php(6): BGiftBaseMenu->menu()
#4 [internal function]: BGiftBaseMenu->afterConfig(NULL)
#5 D:\xampp\htdocs\pinnect\framework\uniprogy\framework\worklets\UWorklet.php(108): call_user_func_array(Array, Array)
#6 [internal function]: UWorklet->__call('config', Array)
#7 D:\xampp\htdocs\pinnect\framework\uniprogy\framework\worklets\UWidgetWorklet.php(158): WBaseMenu->config()
#8 [internal function]: UWidgetWorklet->taskBuild()
#9 D:\xampp\htdocs\pinnect\framework\uniprogy\framework\worklets\UWorklet.php(94): call_user_func_array(Array, Array)
#10 [internal function]: UWorklet->__call('build', Array)
#11 D:\xampp\htdocs\pinnect\framework\uniprogy\framework\worklets\UWidgetWorklet.php(54): WBaseMenu->build()
#12 D:\xampp\htdocs\pinnect\framework\uniprogy\framework\worklets\UWorkletManager.php(128): UWidgetWorklet->init()
#13 D:\xampp\htdocs\pinnect\protected\modules\picture\worklets\WPictureIndex.php(20): UWorkletManager->add('base.menu')
#14 [internal function]: WPictureIndex->taskConfig()
#15 D:\xampp\htdocs\pinnect\framework\uniprogy\framework\worklets\UWorklet.php(94): call_user_func_array(Array, Array)
#16 [internal function]: UWorklet->__call('config', Array)
#17 D:\xampp\htdocs\pinnect\framework\uniprogy\framework\worklets\UWidgetWorklet.php(158): WPictureIndex->config()
#18 [internal function]: UWidgetWorklet->taskBuild()
#19 D:\xampp\htdocs\pinnect\framework\uniprogy\framework\worklets\UWorklet.php(94): call_user_func_array(Array, Array)
#20 [internal function]: UWorklet->__call('build', Array)
#21 D:\xampp\htdocs\pinnect\framework\uniprogy\framework\worklets\UWidgetWorklet.php(54): WPictureIndex->build()
#22 D:\xampp\htdocs\pinnect\framework\uniprogy\framework\worklets\UWorkletManager.php(128): UWidgetWorklet->init()
#23 D:\xampp\htdocs\pinnect\framework\uniprogy\framework\worklets\UWorkletManager.php(99): UWorkletManager->add(Object(WPictureIndex), NULL, Array)
#24 D:\xampp\htdocs\pinnect\protected\modules\base\worklets\WBaseInit.php(82): UWorkletManager->addCurrent(Object(WPictureIndex))
#25 [internal function]: WBaseInit->taskWorklet()
#26 D:\xampp\htdocs\pinnect\framework\uniprogy\framework\worklets\UWorklet.php(94): call_user_func_array(Array, Array)
#27 [internal function]: UWorklet->__call('worklet', Array)
#28 D:\xampp\htdocs\pinnect\protected\modules\base\worklets\WBaseInit.php(39): WBaseInit->worklet()
#29 [internal function]: WBaseInit->taskBuild()
#30 D:\xampp\htdocs\pinnect\framework\uniprogy\framework\worklets\UWorklet.php(94): call_user_func_array(Array, Array)
#31 [internal function]: UWorklet->__call('build', Array)
#32 D:\xampp\htdocs\pinnect\framework\uniprogy\framework\yii\web\actions\UAction.php(28): WBaseInit->build()
#33 D:\xampp\htdocs\pinnect\framework\yii\framework\web\actions\CAction.php(72): UAction->run()
#34 D:\xampp\htdocs\pinnect\framework\yii\framework\web\CController.php(300): CAction->runWithParams(Array)
#35 D:\xampp\htdocs\pinnect\framework\yii\framework\web\filters\CFilterChain.php(134): CController->runAction(Object(UAction))
#36 D:\xampp\htdocs\pinnect\framework\yii\framework\web\filters\CFilter.php(41): CFilterChain->run()
#37 D:\xampp\htdocs\pinnect\framework\yii\framework\web\filters\CFilterChain.php(131): CFilter->filter(Object(CFilterChain))
#38 D:\xampp\htdocs\pinnect\framework\yii\framework\web\CController.php(283): CFilterChain->run()
#39 D:\xampp\htdocs\pinnect\framework\yii\framework\web\CController.php(257): CController->runActionWithFilters(Object(UAction), Array)
#40 D:\xampp\htdocs\pinnect\framework\yii\framework\web\CWebApplication.php(277): CController->run('')
#41 D:\xampp\htdocs\pinnect\framework\yii\framework\web\CWebApplication.php(136): CWebApplication->runController('base')
#42 D:\xampp\htdocs\pinnect\framework\yii\framework\base\CApplication.php(158): CWebApplication->processRequest()
#43 D:\xampp\htdocs\pinnect\index.php(12): CApplication->run()
#44 {main} REQUEST_URI=/pinnect/admin
2012/11/20 14:43:51 [error] [system.db.CDbCommand] CDbCommand::fetchAll() failed: SQLSTATE[42S02]: Base table or view not found: 1146 Table 'pinnect112.pnct_giftmenu' doesn't exist. The SQL statement executed was: SHOW COLUMNS FROM `pnct_GiftMenu`.
2012/11/20 14:43:51 [error] [exception.CDbException] exception 'CDbException' with message 'The table "{{GiftMenu}}" for active record class "MGiftMenuForm" cannot be found in the database.' in D:\xampp\htdocs\pinnect\framework\yii\framework\db\ar\CActiveRecord.php:2276
Stack trace:
#0 D:\xampp\htdocs\pinnect\framework\yii\framework\db\ar\CActiveRecord.php(372): CActiveRecordMetaData->__construct(Object(MGiftMenuForm))
#1 D:\xampp\htdocs\pinnect\protected\modules\gift\models\MGiftMenuForm.php(10): CActiveRecord::model('MGiftMenuForm')
#2 D:\xampp\htdocs\pinnect\protected\modules\gift\behaviors\BGiftBaseMenu.php(12): MGiftMenuForm::model()
#3 D:\xampp\htdocs\pinnect\protected\modules\gift\behaviors\BGiftBaseMenu.php(6): BGiftBaseMenu->menu()
#4 [internal function]: BGiftBaseMenu->afterConfig(NULL)
#5 D:\xampp\htdocs\pinnect\framework\uniprogy\framework\worklets\UWorklet.php(108): call_user_func_array(Array, Array)
#6 [internal function]: UWorklet->__call('config', Array)
#7 D:\xampp\htdocs\pinnect\framework\uniprogy\framework\worklets\UWidgetWorklet.php(158): WBaseMenu->config()
#8 [internal function]: UWidgetWorklet->taskBuild()
#9 D:\xampp\htdocs\pinnect\framework\uniprogy\framework\worklets\UWorklet.php(94): call_user_func_array(Array, Array)
#10 [internal function]: UWorklet->__call('build', Array)
#11 D:\xampp\htdocs\pinnect\framework\uniprogy\framework\worklets\UWidgetWorklet.php(54): WBaseMenu->build()
#12 D:\xampp\htdocs\pinnect\framework\uniprogy\framework\worklets\UWorkletManager.php(128): UWidgetWorklet->init()
#13 D:\xampp\htdocs\pinnect\protected\modules\picture\worklets\WPictureIndex.php(20): UWorkletManager->add('base.menu')
#14 [internal function]: WPictureIndex->taskConfig()
#15 D:\xampp\htdocs\pinnect\framework\uniprogy\framework\worklets\UWorklet.php(94): call_user_func_array(Array, Array)
#16 [internal function]: UWorklet->__call('config', Array)
#17 D:\xampp\htdocs\pinnect\framework\uniprogy\framework\worklets\UWidgetWorklet.php(158): WPictureIndex->config()
#18 [internal function]: UWidgetWorklet->taskBuild()
#19 D:\xampp\htdocs\pinnect\framework\uniprogy\framework\worklets\UWorklet.php(94): call_user_func_array(Array, Array)
#20 [internal function]: UWorklet->__call('build', Array)
#21 D:\xampp\htdocs\pinnect\framework\uniprogy\framework\worklets\UWidgetWorklet.php(54): WPictureIndex->build()
#22 D:\xampp\htdocs\pinnect\framework\uniprogy\framework\worklets\UWorkletManager.php(128): UWidgetWorklet->init()
#23 D:\xampp\htdocs\pinnect\framework\uniprogy\framework\worklets\UWorkletManager.php(99): UWorkletManager->add(Object(WPictureIndex), NULL, Array)
#24 D:\xampp\htdocs\pinnect\protected\modules\base\worklets\WBaseInit.php(82): UWorkletManager->addCurrent(Object(WPictureIndex))
#25 [internal function]: WBaseInit->taskWorklet()
#26 D:\xampp\htdocs\pinnect\framework\uniprogy\framework\worklets\UWorklet.php(94): call_user_func_array(Array, Array)
#27 [internal function]: UWorklet->__call('worklet', Array)
#28 D:\xampp\htdocs\pinnect\protected\modules\base\worklets\WBaseInit.php(39): WBaseInit->worklet()
#29 [internal function]: WBaseInit->taskBuild()
#30 D:\xampp\htdocs\pinnect\framework\uniprogy\framework\worklets\UWorklet.php(94): call_user_func_array(Array, Array)
#31 [internal function]: UWorklet->__call('build', Array)
#32 D:\xampp\htdocs\pinnect\framework\uniprogy\framework\yii\web\actions\UAction.php(28): WBaseInit->build()
#33 D:\xampp\htdocs\pinnect\framework\yii\framework\web\actions\CAction.php(72): UAction->run()
#34 D:\xampp\htdocs\pinnect\framework\yii\framework\web\CController.php(300): CAction->runWithParams(Array)
#35 D:\xampp\htdocs\pinnect\framework\yii\framework\web\filters\CFilterChain.php(134): CController->runAction(Object(UAction))
#36 D:\xampp\htdocs\pinnect\framework\yii\framework\web\filters\CFilter.php(41): CFilterChain->run()
#37 D:\xampp\htdocs\pinnect\framework\yii\framework\web\filters\CFilterChain.php(131): CFilter->filter(Object(CFilterChain))
#38 D:\xampp\htdocs\pinnect\framework\yii\framework\web\CController.php(283): CFilterChain->run()
#39 D:\xampp\htdocs\pinnect\framework\yii\framework\web\CController.php(257): CController->runActionWithFilters(Object(UAction), Array)
#40 D:\xampp\htdocs\pinnect\framework\yii\framework\web\CWebApplication.php(277): CController->run('')
#41 D:\xampp\htdocs\pinnect\framework\yii\framework\web\CWebApplication.php(136): CWebApplication->runController('')
#42 D:\xampp\htdocs\pinnect\framework\yii\framework\base\CApplication.php(158): CWebApplication->processRequest()
#43 D:\xampp\htdocs\pinnect\index.php(12): CApplication->run()
#44 {main} REQUEST_URI=/pinnect/
2012/11/20 18:55:51 [error] [system.db.CDbCommand] CDbCommand::fetchAll() failed: SQLSTATE[42S02]: Base table or view not found: 1146 Table 'pinnect112.pnct_giftmenu' doesn't exist. The SQL statement executed was: SHOW COLUMNS FROM `pnct_GiftMenu`.
2012/11/20 18:55:52 [error] [exception.CDbException] exception 'CDbException' with message 'The table "{{GiftMenu}}" for active record class "MGiftMenuForm" cannot be found in the database.' in D:\xampp\htdocs\pinnect\framework\yii\framework\db\ar\CActiveRecord.php:2276
Stack trace:
#0 D:\xampp\htdocs\pinnect\framework\yii\framework\db\ar\CActiveRecord.php(372): CActiveRecordMetaData->__construct(Object(MGiftMenuForm))
#1 D:\xampp\htdocs\pinnect\protected\modules\gift\models\MGiftMenuForm.php(10): CActiveRecord::model('MGiftMenuForm')
#2 D:\xampp\htdocs\pinnect\protected\modules\gift\behaviors\BGiftBaseMenu.php(12): MGiftMenuForm::model()
#3 D:\xampp\htdocs\pinnect\protected\modules\gift\behaviors\BGiftBaseMenu.php(6): BGiftBaseMenu->menu()
#4 [internal function]: BGiftBaseMenu->afterConfig(NULL)
#5 D:\xampp\htdocs\pinnect\framework\uniprogy\framework\worklets\UWorklet.php(108): call_user_func_array(Array, Array)
#6 [internal function]: UWorklet->__call('config', Array)
#7 D:\xampp\htdocs\pinnect\framework\uniprogy\framework\worklets\UWidgetWorklet.php(158): WBaseMenu->config()
#8 [internal function]: UWidgetWorklet->taskBuild()
#9 D:\xampp\htdocs\pinnect\framework\uniprogy\framework\worklets\UWorklet.php(94): call_user_func_array(Array, Array)
#10 [internal function]: UWorklet->__call('build', Array)
#11 D:\xampp\htdocs\pinnect\framework\uniprogy\framework\worklets\UWidgetWorklet.php(54): WBaseMenu->build()
#12 D:\xampp\htdocs\pinnect\framework\uniprogy\framework\worklets\UWorkletManager.php(128): UWidgetWorklet->init()
#13 D:\xampp\htdocs\pinnect\protected\modules\picture\worklets\WPictureIndex.php(20): UWorkletManager->add('base.menu')
#14 [internal function]: WPictureIndex->taskConfig()
#15 D:\xampp\htdocs\pinnect\framework\uniprogy\framework\worklets\UWorklet.php(94): call_user_func_array(Array, Array)
#16 [internal function]: UWorklet->__call('config', Array)
#17 D:\xampp\htdocs\pinnect\framework\uniprogy\framework\worklets\UWidgetWorklet.php(158): WPictureIndex->config()
#18 [internal function]: UWidgetWorklet->taskBuild()
#19 D:\xampp\htdocs\pinnect\framework\uniprogy\framework\worklets\UWorklet.php(94): call_user_func_array(Array, Array)
#20 [internal function]: UWorklet->__call('build', Array)
#21 D:\xampp\htdocs\pinnect\framework\uniprogy\framework\worklets\UWidgetWorklet.php(54): WPictureIndex->build()
#22 D:\xampp\htdocs\pinnect\framework\uniprogy\framework\worklets\UWorkletManager.php(128): UWidgetWorklet->init()
#23 D:\xampp\htdocs\pinnect\framework\uniprogy\framework\worklets\UWorkletManager.php(99): UWorkletManager->add(Object(WPictureIndex), NULL, Array)
#24 D:\xampp\htdocs\pinnect\protected\modules\base\worklets\WBaseInit.php(82): UWorkletManager->addCurrent(Object(WPictureIndex))
#25 [internal function]: WBaseInit->taskWorklet()
#26 D:\xampp\htdocs\pinnect\framework\uniprogy\framework\worklets\UWorklet.php(94): call_user_func_array(Array, Array)
#27 [internal function]: UWorklet->__call('worklet', Array)
#28 D:\xampp\htdocs\pinnect\protected\modules\base\worklets\WBaseInit.php(39): WBaseInit->worklet()
#29 [internal function]: WBaseInit->taskBuild()
#30 D:\xampp\htdocs\pinnect\framework\uniprogy\framework\worklets\UWorklet.php(94): call_user_func_array(Array, Array)
#31 [internal function]: UWorklet->__call('build', Array)
#32 D:\xampp\htdocs\pinnect\framework\uniprogy\framework\yii\web\actions\UAction.php(28): WBaseInit->build()
#33 D:\xampp\htdocs\pinnect\framework\yii\framework\web\actions\CAction.php(72): UAction->run()
#34 D:\xampp\htdocs\pinnect\framework\yii\framework\web\CController.php(300): CAction->runWithParams(Array)
#35 D:\xampp\htdocs\pinnect\framework\yii\framework\web\filters\CFilterChain.php(134): CController->runAction(Object(UAction))
#36 D:\xampp\htdocs\pinnect\framework\yii\framework\web\filters\CFilter.php(41): CFilterChain->run()
#37 D:\xampp\htdocs\pinnect\framework\yii\framework\web\filters\CFilterChain.php(131): CFilter->filter(Object(CFilterChain))
#38 D:\xampp\htdocs\pinnect\framework\yii\framework\web\CController.php(283): CFilterChain->run()
#39 D:\xampp\htdocs\pinnect\framework\yii\framework\web\CController.php(257): CController->runActionWithFilters(Object(UAction), Array)
#40 D:\xampp\htdocs\pinnect\framework\yii\framework\web\CWebApplication.php(277): CController->run('')
#41 D:\xampp\htdocs\pinnect\framework\yii\framework\web\CWebApplication.php(136): CWebApplication->runController('')
#42 D:\xampp\htdocs\pinnect\framework\yii\framework\base\CApplication.php(158): CWebApplication->processRequest()
#43 D:\xampp\htdocs\pinnect\index.php(12): CApplication->run()
#44 {main} REQUEST_URI=/pinnect/
2012/11/21 08:23:47 [error] [system.db.CDbCommand] CDbCommand::fetchAll() failed: SQLSTATE[42S02]: Base table or view not found: 1146 Table 'pinnect112.pnct_giftmenu' doesn't exist. The SQL statement executed was: SHOW COLUMNS FROM `pnct_GiftMenu`.
2012/11/21 08:23:47 [error] [exception.CDbException] exception 'CDbException' with message 'The table "{{GiftMenu}}" for active record class "MGiftMenuForm" cannot be found in the database.' in D:\xampp\htdocs\pinnect\framework\yii\framework\db\ar\CActiveRecord.php:2276
Stack trace:
#0 D:\xampp\htdocs\pinnect\framework\yii\framework\db\ar\CActiveRecord.php(372): CActiveRecordMetaData->__construct(Object(MGiftMenuForm))
#1 D:\xampp\htdocs\pinnect\protected\modules\gift\models\MGiftMenuForm.php(10): CActiveRecord::model('MGiftMenuForm')
#2 D:\xampp\htdocs\pinnect\protected\modules\gift\behaviors\BGiftBaseMenu.php(12): MGiftMenuForm::model()
#3 D:\xampp\htdocs\pinnect\protected\modules\gift\behaviors\BGiftBaseMenu.php(6): BGiftBaseMenu->menu()
#4 [internal function]: BGiftBaseMenu->afterConfig(NULL)
#5 D:\xampp\htdocs\pinnect\framework\uniprogy\framework\worklets\UWorklet.php(108): call_user_func_array(Array, Array)
#6 [internal function]: UWorklet->__call('config', Array)
#7 D:\xampp\htdocs\pinnect\framework\uniprogy\framework\worklets\UWidgetWorklet.php(158): WBaseMenu->config()
#8 [internal function]: UWidgetWorklet->taskBuild()
#9 D:\xampp\htdocs\pinnect\framework\uniprogy\framework\worklets\UWorklet.php(94): call_user_func_array(Array, Array)
#10 [internal function]: UWorklet->__call('build', Array)
#11 D:\xampp\htdocs\pinnect\framework\uniprogy\framework\worklets\UWidgetWorklet.php(54): WBaseMenu->build()
#12 D:\xampp\htdocs\pinnect\framework\uniprogy\framework\worklets\UWorkletManager.php(128): UWidgetWorklet->init()
#13 D:\xampp\htdocs\pinnect\protected\modules\picture\worklets\WPictureIndex.php(20): UWorkletManager->add('base.menu')
#14 [internal function]: WPictureIndex->taskConfig()
#15 D:\xampp\htdocs\pinnect\framework\uniprogy\framework\worklets\UWorklet.php(94): call_user_func_array(Array, Array)
#16 [internal function]: UWorklet->__call('config', Array)
#17 D:\xampp\htdocs\pinnect\framework\uniprogy\framework\worklets\UWidgetWorklet.php(158): WPictureIndex->config()
#18 [internal function]: UWidgetWorklet->taskBuild()
#19 D:\xampp\htdocs\pinnect\framework\uniprogy\framework\worklets\UWorklet.php(94): call_user_func_array(Array, Array)
#20 [internal function]: UWorklet->__call('build', Array)
#21 D:\xampp\htdocs\pinnect\framework\uniprogy\framework\worklets\UWidgetWorklet.php(54): WPictureIndex->build()
#22 D:\xampp\htdocs\pinnect\framework\uniprogy\framework\worklets\UWorkletManager.php(128): UWidgetWorklet->init()
#23 D:\xampp\htdocs\pinnect\framework\uniprogy\framework\worklets\UWorkletManager.php(99): UWorkletManager->add(Object(WPictureIndex), NULL, Array)
#24 D:\xampp\htdocs\pinnect\protected\modules\base\worklets\WBaseInit.php(82): UWorkletManager->addCurrent(Object(WPictureIndex))
#25 [internal function]: WBaseInit->taskWorklet()
#26 D:\xampp\htdocs\pinnect\framework\uniprogy\framework\worklets\UWorklet.php(94): call_user_func_array(Array, Array)
#27 [internal function]: UWorklet->__call('worklet', Array)
#28 D:\xampp\htdocs\pinnect\protected\modules\base\worklets\WBaseInit.php(39): WBaseInit->worklet()
#29 [internal function]: WBaseInit->taskBuild()
#30 D:\xampp\htdocs\pinnect\framework\uniprogy\framework\worklets\UWorklet.php(94): call_user_func_array(Array, Array)
#31 [internal function]: UWorklet->__call('build', Array)
#32 D:\xampp\htdocs\pinnect\framework\uniprogy\framework\yii\web\actions\UAction.php(28): WBaseInit->build()
#33 D:\xampp\htdocs\pinnect\framework\yii\framework\web\actions\CAction.php(72): UAction->run()
#34 D:\xampp\htdocs\pinnect\framework\yii\framework\web\CController.php(300): CAction->runWithParams(Array)
#35 D:\xampp\htdocs\pinnect\framework\yii\framework\web\filters\CFilterChain.php(134): CController->runAction(Object(UAction))
#36 D:\xampp\htdocs\pinnect\framework\yii\framework\web\filters\CFilter.php(41): CFilterChain->run()
#37 D:\xampp\htdocs\pinnect\framework\yii\framework\web\filters\CFilterChain.php(131): CFilter->filter(Object(CFilterChain))
#38 D:\xampp\htdocs\pinnect\framework\yii\framework\web\CController.php(283): CFilterChain->run()
#39 D:\xampp\htdocs\pinnect\framework\yii\framework\web\CController.php(257): CController->runActionWithFilters(Object(UAction), Array)
#40 D:\xampp\htdocs\pinnect\framework\yii\framework\web\CWebApplication.php(277): CController->run('')
#41 D:\xampp\htdocs\pinnect\framework\yii\framework\web\CWebApplication.php(136): CWebApplication->runController('')
#42 D:\xampp\htdocs\pinnect\framework\yii\framework\base\CApplication.php(158): CWebApplication->processRequest()
#43 D:\xampp\htdocs\pinnect\index.php(12): CApplication->run()
#44 {main} REQUEST_URI=/pinnect/
2012/11/21 13:11:49 [error] [exception.CHttpException.404] exception 'CHttpException' with message 'The system is unable to find the requested action "index".' in D:\xampp\htdocs\pinnect\framework\yii\framework\web\CController.php:477
Stack trace:
#0 D:\xampp\htdocs\pinnect\protected\modules\base\worklets\WBaseInit.php(84): CController->missingAction('index')
#1 [internal function]: WBaseInit->taskWorklet()
#2 D:\xampp\htdocs\pinnect\framework\uniprogy\framework\worklets\UWorklet.php(94): call_user_func_array(Array, Array)
#3 [internal function]: UWorklet->__call('worklet', Array)
#4 D:\xampp\htdocs\pinnect\protected\modules\base\worklets\WBaseInit.php(39): WBaseInit->worklet()
#5 [internal function]: WBaseInit->taskBuild()
#6 D:\xampp\htdocs\pinnect\framework\uniprogy\framework\worklets\UWorklet.php(94): call_user_func_array(Array, Array)
#7 [internal function]: UWorklet->__call('build', Array)
#8 D:\xampp\htdocs\pinnect\framework\uniprogy\framework\yii\web\actions\UAction.php(28): WBaseInit->build()
#9 D:\xampp\htdocs\pinnect\framework\yii\framework\web\actions\CAction.php(72): UAction->run()
#10 D:\xampp\htdocs\pinnect\framework\yii\framework\web\CController.php(300): CAction->runWithParams(Array)
#11 D:\xampp\htdocs\pinnect\framework\yii\framework\web\filters\CFilterChain.php(134): CController->runAction(Object(UAction))
#12 D:\xampp\htdocs\pinnect\framework\yii\framework\web\filters\CFilter.php(41): CFilterChain->run()
#13 D:\xampp\htdocs\pinnect\framework\yii\framework\web\filters\CFilterChain.php(131): CFilter->filter(Object(CFilterChain))
#14 D:\xampp\htdocs\pinnect\framework\yii\framework\web\CController.php(283): CFilterChain->run()
#15 D:\xampp\htdocs\pinnect\framework\yii\framework\web\CController.php(257): CController->runActionWithFilters(Object(UAction), Array)
#16 D:\xampp\htdocs\pinnect\framework\yii\framework\web\CWebApplication.php(277): CController->run('')
#17 D:\xampp\htdocs\pinnect\framework\yii\framework\web\CWebApplication.php(136): CWebApplication->runController('gift/admin')
#18 D:\xampp\htdocs\pinnect\framework\yii\framework\base\CApplication.php(158): CWebApplication->processRequest()
#19 D:\xampp\htdocs\pinnect\index.php(12): CApplication->run()
#20 {main} REQUEST_URI=/pinnect/gift/admin
2012/11/22 15:42:23 [error] [exception.CHttpException.404] exception 'CHttpException' with message 'Unable to resolve the request "img/slide-full-1.jpg".' in D:\xampp\htdocs\pinnect\framework\yii\framework\web\CWebApplication.php:281
Stack trace:
#0 D:\xampp\htdocs\pinnect\framework\yii\framework\web\CWebApplication.php(136): CWebApplication->runController('img/slide-full-...')
#1 D:\xampp\htdocs\pinnect\framework\yii\framework\base\CApplication.php(158): CWebApplication->processRequest()
#2 D:\xampp\htdocs\pinnect\index.php(12): CApplication->run()
#3 {main} REQUEST_URI=/pinnect/img/slide-full-1.jpg
2012/11/22 15:42:24 [error] [exception.CHttpException.404] exception 'CHttpException' with message 'Unable to resolve the request "img/slide-full-2.jpg".' in D:\xampp\htdocs\pinnect\framework\yii\framework\web\CWebApplication.php:281
Stack trace:
#0 D:\xampp\htdocs\pinnect\framework\yii\framework\web\CWebApplication.php(136): CWebApplication->runController('img/slide-full-...')
#1 D:\xampp\htdocs\pinnect\framework\yii\framework\base\CApplication.php(158): CWebApplication->processRequest()
#2 D:\xampp\htdocs\pinnect\index.php(12): CApplication->run()
#3 {main} REQUEST_URI=/pinnect/img/slide-full-2.jpg
2012/11/22 15:42:25 [error] [exception.CHttpException.404] exception 'CHttpException' with message 'Unable to resolve the request "img/slide-full-1.jpg".' in D:\xampp\htdocs\pinnect\framework\yii\framework\web\CWebApplication.php:281
Stack trace:
#0 D:\xampp\htdocs\pinnect\framework\yii\framework\web\CWebApplication.php(136): CWebApplication->runController('img/slide-full-...')
#1 D:\xampp\htdocs\pinnect\framework\yii\framework\base\CApplication.php(158): CWebApplication->processRequest()
#2 D:\xampp\htdocs\pinnect\index.php(12): CApplication->run()
#3 {main} REQUEST_URI=/pinnect/img/slide-full-1.jpg
2012/11/23 14:55:44 [error] [php] Cannot modify header information - headers already sent by (output started at D:\xampp\htdocs\pinnect\protected\modules\gift\worklets\WGiftHelper.php:29) (D:\xampp\htdocs\pinnect\protected\modules\base\worklets\WBaseInit.php:118)
Stack trace:
#0 D:\xampp\htdocs\pinnect\framework\uniprogy\framework\worklets\UWorklet.php(94): call_user_func_array()
#1 unknown(0): WBaseInit->__call()
#2 D:\xampp\htdocs\pinnect\protected\modules\base\worklets\WBaseInit.php(40): WBaseInit->renderPage()
#3 unknown(0): WBaseInit->taskBuild()
#4 D:\xampp\htdocs\pinnect\framework\uniprogy\framework\worklets\UWorklet.php(94): call_user_func_array()
#5 unknown(0): WBaseInit->__call()
#6 D:\xampp\htdocs\pinnect\framework\uniprogy\framework\yii\web\actions\UAction.php(28): WBaseInit->build()
#7 D:\xampp\htdocs\pinnect\framework\yii\framework\web\actions\CAction.php(72): UAction->run()
#8 D:\xampp\htdocs\pinnect\framework\yii\framework\web\CController.php(300): UAction->runWithParams()
#9 D:\xampp\htdocs\pinnect\framework\yii\framework\web\filters\CFilterChain.php(134): DefaultController->runAction()
#10 D:\xampp\htdocs\pinnect\framework\yii\framework\web\filters\CFilter.php(41): CFilterChain->run()
#11 D:\xampp\htdocs\pinnect\framework\yii\framework\web\filters\CFilterChain.php(131): UAccessFilter->filter()
#12 D:\xampp\htdocs\pinnect\framework\yii\framework\web\CController.php(283): CFilterChain->run()
#13 D:\xampp\htdocs\pinnect\framework\yii\framework\web\CController.php(257): DefaultController->runActionWithFilters()
#14 D:\xampp\htdocs\pinnect\framework\yii\framework\web\CWebApplication.php(277): DefaultController->run()
#15 D:\xampp\htdocs\pinnect\framework\yii\framework\web\CWebApplication.php(136): UApp->runController()
#16 D:\xampp\htdocs\pinnect\framework\yii\framework\base\CApplication.php(158): UApp->processRequest()
#17 D:\xampp\htdocs\pinnect\index.php(12): UApp->run()
REQUEST_URI=/pinnect/pin/edit/id/2
2012/11/23 14:58:24 [error] [php] number_format() expects parameter 1 to be double, string given (D:\xampp\htdocs\pinnect\protected\modules\gift\worklets\WGiftHelper.php:19)
Stack trace:
#0 D:\xampp\htdocs\pinnect\framework\uniprogy\framework\worklets\UWorklet.php(94): call_user_func_array()
#1 unknown(0): WGiftHelper->__call()
#2 D:\xampp\htdocs\pinnect\protected\modules\gift\worklets\WGiftHelper.php(27): WGiftHelper->priceFormat()
#3 unknown(0): WGiftHelper->taskGetPrice()
#4 D:\xampp\htdocs\pinnect\framework\uniprogy\framework\worklets\UWorklet.php(94): call_user_func_array()
#5 unknown(0): WGiftHelper->__call()
#6 D:\xampp\htdocs\pinnect\protected\modules\gift\behaviors\BGiftPictureEdit.php(7): WGiftHelper->getPrice()
#7 unknown(0): BGiftPictureEdit->afterSave()
#8 D:\xampp\htdocs\pinnect\framework\uniprogy\framework\worklets\UWorklet.php(108): call_user_func_array()
#9 unknown(0): WPictureEdit->__call()
#10 D:\xampp\htdocs\pinnect\framework\uniprogy\framework\worklets\UFormWorklet.php(125): WPictureEdit->save()
#11 unknown(0): WPictureEdit->taskProcess()
#12 D:\xampp\htdocs\pinnect\framework\uniprogy\framework\worklets\UWorklet.php(94): call_user_func_array()
#13 unknown(0): WPictureEdit->__call()
#14 D:\xampp\htdocs\pinnect\framework\uniprogy\framework\worklets\UFormWorklet.php(64): WPictureEdit->process()
#15 unknown(0): WPictureEdit->taskBuild()
#16 D:\xampp\htdocs\pinnect\framework\uniprogy\framework\worklets\UWorklet.php(94): call_user_func_array()
#17 unknown(0): WPictureEdit->__call()
#18 D:\xampp\htdocs\pinnect\framework\uniprogy\framework\worklets\UWidgetWorklet.php(54): WPictureEdit->build()
#19 D:\xampp\htdocs\pinnect\framework\uniprogy\framework\worklets\UWorkletManager.php(128): WPictureEdit->init()
#20 D:\xampp\htdocs\pinnect\framework\uniprogy\framework\worklets\UWorkletManager.php(99): UWorkletManager->add()
#21 D:\xampp\htdocs\pinnect\protected\modules\base\worklets\WBaseInit.php(82): UWorkletManager->addCurrent()
#22 unknown(0): WBaseInit->taskWorklet()
#23 D:\xampp\htdocs\pinnect\framework\uniprogy\framework\worklets\UWorklet.php(94): call_user_func_array()
#24 unknown(0): WBaseInit->__call()
#25 D:\xampp\htdocs\pinnect\protected\modules\base\worklets\WBaseInit.php(39): WBaseInit->worklet()
#26 unknown(0): WBaseInit->taskBuild()
#27 D:\xampp\htdocs\pinnect\framework\uniprogy\framework\worklets\UWorklet.php(94): call_user_func_array()
#28 unknown(0): WBaseInit->__call()
#29 D:\xampp\htdocs\pinnect\framework\uniprogy\framework\yii\web\actions\UAction.php(28): WBaseInit->build()
#30 D:\xampp\htdocs\pinnect\framework\yii\framework\web\actions\CAction.php(72): UAction->run()
#31 D:\xampp\htdocs\pinnect\framework\yii\framework\web\CController.php(300): UAction->runWithParams()
#32 D:\xampp\htdocs\pinnect\framework\yii\framework\web\filters\CFilterChain.php(134): DefaultController->runAction()
#33 D:\xampp\htdocs\pinnect\framework\yii\framework\web\filters\CFilter.php(41): CFilterChain->run()
#34 D:\xampp\htdocs\pinnect\framework\yii\framework\web\filters\CFilterChain.php(131): UAccessFilter->filter()
#35 D:\xampp\htdocs\pinnect\framework\yii\framework\web\CController.php(283): CFilterChain->run()
#36 D:\xampp\htdocs\pinnect\framework\yii\framework\web\CController.php(257): DefaultController->runActionWithFilters()
#37 D:\xampp\htdocs\pinnect\framework\yii\framework\web\CWebApplication.php(277): DefaultController->run()
#38 D:\xampp\htdocs\pinnect\framework\yii\framework\web\CWebApplication.php(136): UApp->runController()
#39 D:\xampp\htdocs\pinnect\framework\yii\framework\base\CApplication.php(158): UApp->processRequest()
#40 D:\xampp\htdocs\pinnect\index.php(12): UApp->run()
REQUEST_URI=/pinnect/pin/edit/id/2
2012/11/23 15:20:54 [error] [php] Cannot modify header information - headers already sent by (output started at D:\xampp\htdocs\pinnect\protected\modules\gift\worklets\WGiftHelper.php:19) (D:\xampp\htdocs\pinnect\protected\modules\base\worklets\WBaseInit.php:118)
Stack trace:
#0 D:\xampp\htdocs\pinnect\framework\uniprogy\framework\worklets\UWorklet.php(94): call_user_func_array()
#1 unknown(0): WBaseInit->__call()
#2 D:\xampp\htdocs\pinnect\protected\modules\base\worklets\WBaseInit.php(40): WBaseInit->renderPage()
#3 unknown(0): WBaseInit->taskBuild()
#4 D:\xampp\htdocs\pinnect\framework\uniprogy\framework\worklets\UWorklet.php(94): call_user_func_array()
#5 unknown(0): WBaseInit->__call()
#6 D:\xampp\htdocs\pinnect\framework\uniprogy\framework\yii\web\actions\UAction.php(28): WBaseInit->build()
#7 D:\xampp\htdocs\pinnect\framework\yii\framework\web\actions\CAction.php(72): UAction->run()
#8 D:\xampp\htdocs\pinnect\framework\yii\framework\web\CController.php(300): UAction->runWithParams()
#9 D:\xampp\htdocs\pinnect\framework\yii\framework\web\filters\CFilterChain.php(134): DefaultController->runAction()
#10 D:\xampp\htdocs\pinnect\framework\yii\framework\web\filters\CFilter.php(41): CFilterChain->run()
#11 D:\xampp\htdocs\pinnect\framework\yii\framework\web\filters\CFilterChain.php(131): UAccessFilter->filter()
#12 D:\xampp\htdocs\pinnect\framework\yii\framework\web\CController.php(283): CFilterChain->run()
#13 D:\xampp\htdocs\pinnect\framework\yii\framework\web\CController.php(257): DefaultController->runActionWithFilters()
#14 D:\xampp\htdocs\pinnect\framework\yii\framework\web\CWebApplication.php(277): DefaultController->run()
#15 D:\xampp\htdocs\pinnect\framework\yii\framework\web\CWebApplication.php(136): UApp->runController()
#16 D:\xampp\htdocs\pinnect\framework\yii\framework\base\CApplication.php(158): UApp->processRequest()
#17 D:\xampp\htdocs\pinnect\index.php(12): UApp->run()
REQUEST_URI=/pinnect/
2012/11/23 15:21:14 [error] [php] Cannot modify header information - headers already sent by (output started at D:\xampp\htdocs\pinnect\protected\modules\gift\worklets\WGiftHelper.php:19) (D:\xampp\htdocs\pinnect\protected\modules\base\worklets\WBaseInit.php:118)
Stack trace:
#0 D:\xampp\htdocs\pinnect\framework\uniprogy\framework\worklets\UWorklet.php(94): call_user_func_array()
#1 unknown(0): WBaseInit->__call()
#2 D:\xampp\htdocs\pinnect\protected\modules\base\worklets\WBaseInit.php(40): WBaseInit->renderPage()
#3 unknown(0): WBaseInit->taskBuild()
#4 D:\xampp\htdocs\pinnect\framework\uniprogy\framework\worklets\UWorklet.php(94): call_user_func_array()
#5 unknown(0): WBaseInit->__call()
#6 D:\xampp\htdocs\pinnect\framework\uniprogy\framework\yii\web\actions\UAction.php(28): WBaseInit->build()
#7 D:\xampp\htdocs\pinnect\framework\yii\framework\web\actions\CAction.php(72): UAction->run()
#8 D:\xampp\htdocs\pinnect\framework\yii\framework\web\CController.php(300): UAction->runWithParams()
#9 D:\xampp\htdocs\pinnect\framework\yii\framework\web\filters\CFilterChain.php(134): DefaultController->runAction()
#10 D:\xampp\htdocs\pinnect\framework\yii\framework\web\filters\CFilter.php(41): CFilterChain->run()
#11 D:\xampp\htdocs\pinnect\framework\yii\framework\web\filters\CFilterChain.php(131): UAccessFilter->filter()
#12 D:\xampp\htdocs\pinnect\framework\yii\framework\web\CController.php(283): CFilterChain->run()
#13 D:\xampp\htdocs\pinnect\framework\yii\framework\web\CController.php(257): DefaultController->runActionWithFilters()
#14 D:\xampp\htdocs\pinnect\framework\yii\framework\web\CWebApplication.php(277): DefaultController->run()
#15 D:\xampp\htdocs\pinnect\framework\yii\framework\web\CWebApplication.php(136): UApp->runController()
#16 D:\xampp\htdocs\pinnect\framework\yii\framework\base\CApplication.php(158): UApp->processRequest()
#17 D:\xampp\htdocs\pinnect\index.php(12): UApp->run()
REQUEST_URI=/pinnect/
2012/11/23 16:18:17 [error] [php] Cannot modify header information - headers already sent by (output started at D:\xampp\htdocs\pinnect\protected\modules\gift\worklets\WGiftHelper.php:19) (D:\xampp\htdocs\pinnect\protected\modules\base\worklets\WBaseInit.php:118)
Stack trace:
#0 D:\xampp\htdocs\pinnect\framework\uniprogy\framework\worklets\UWorklet.php(94): call_user_func_array()
#1 unknown(0): WBaseInit->__call()
#2 D:\xampp\htdocs\pinnect\protected\modules\base\worklets\WBaseInit.php(40): WBaseInit->renderPage()
#3 unknown(0): WBaseInit->taskBuild()
#4 D:\xampp\htdocs\pinnect\framework\uniprogy\framework\worklets\UWorklet.php(94): call_user_func_array()
#5 unknown(0): WBaseInit->__call()
#6 D:\xampp\htdocs\pinnect\framework\uniprogy\framework\yii\web\actions\UAction.php(28): WBaseInit->build()
#7 D:\xampp\htdocs\pinnect\framework\yii\framework\web\actions\CAction.php(72): UAction->run()
#8 D:\xampp\htdocs\pinnect\framework\yii\framework\web\CController.php(300): UAction->runWithParams()
#9 D:\xampp\htdocs\pinnect\framework\yii\framework\web\filters\CFilterChain.php(134): DefaultController->runAction()
#10 D:\xampp\htdocs\pinnect\framework\yii\framework\web\filters\CFilter.php(41): CFilterChain->run()
#11 D:\xampp\htdocs\pinnect\framework\yii\framework\web\filters\CFilterChain.php(131): UAccessFilter->filter()
#12 D:\xampp\htdocs\pinnect\framework\yii\framework\web\CController.php(283): CFilterChain->run()
#13 D:\xampp\htdocs\pinnect\framework\yii\framework\web\CController.php(257): DefaultController->runActionWithFilters()
#14 D:\xampp\htdocs\pinnect\framework\yii\framework\web\CWebApplication.php(277): DefaultController->run()
#15 D:\xampp\htdocs\pinnect\framework\yii\framework\web\CWebApplication.php(136): UApp->runController()
#16 D:\xampp\htdocs\pinnect\framework\yii\framework\base\CApplication.php(158): UApp->processRequest()
#17 D:\xampp\htdocs\pinnect\index.php(12): UApp->run()
REQUEST_URI=/pinnect/
2012/11/23 16:35:03 [error] [php] Object of class MPicturePostList could not be converted to string (D:\xampp\htdocs\pinnect\themes\classic\views\worklets\picture\pictureCard.php:9)
Stack trace:
#0 D:\xampp\htdocs\pinnect\framework\uniprogy\framework\worklets\UWidgetWorklet.php(339): WPictureList->renderFile()
#1 D:\xampp\htdocs\pinnect\framework\yii\framework\zii\widgets\CListView.php(242): WPictureList->render()
#2 D:\xampp\htdocs\pinnect\framework\yii\framework\zii\widgets\CBaseListView.php(158): CListView->renderItems()
#3 unknown(0): CListView->renderSection()
#4 D:\xampp\htdocs\pinnect\framework\yii\framework\zii\widgets\CBaseListView.php(141): preg_replace_callback()
#5 D:\xampp\htdocs\pinnect\framework\yii\framework\zii\widgets\CBaseListView.php(126): CListView->renderContent()
#6 D:\xampp\htdocs\pinnect\framework\yii\framework\web\CBaseController.php(166): CListView->run()
#7 D:\xampp\htdocs\pinnect\framework\uniprogy\framework\worklets\UListWorklet.php(202): WPictureList->widget()
#8 D:\xampp\htdocs\pinnect\protected\modules\picture\worklets\WPictureList.php(49): WPictureList->taskRenderOutput()
#9 unknown(0): WPictureList->taskRenderOutput()
#10 D:\xampp\htdocs\pinnect\framework\uniprogy\framework\worklets\UWorklet.php(94): call_user_func_array()
#11 unknown(0): WPictureList->__call()
#12 D:\xampp\htdocs\pinnect\framework\uniprogy\framework\worklets\UWidgetWorklet.php(65): WPictureList->renderOutput()
#13 D:\xampp\htdocs\pinnect\protected\modules\base\worklets\WBaseInit.php(266): WPictureList->run()
#14 unknown(0): WBaseInit->taskRecordClips()
#15 D:\xampp\htdocs\pinnect\framework\uniprogy\framework\worklets\UWorklet.php(94): call_user_func_array()
#16 unknown(0): WBaseInit->__call()
#17 D:\xampp\htdocs\pinnect\protected\modules\base\worklets\WBaseInit.php(129): WBaseInit->recordClips()
#18 unknown(0): WBaseInit->taskRenderPage()
#19 D:\xampp\htdocs\pinnect\framework\uniprogy\framework\worklets\UWorklet.php(94): call_user_func_array()
#20 unknown(0): WBaseInit->__call()
#21 D:\xampp\htdocs\pinnect\protected\modules\base\worklets\WBaseInit.php(40): WBaseInit->renderPage()
#22 unknown(0): WBaseInit->taskBuild()
#23 D:\xampp\htdocs\pinnect\framework\uniprogy\framework\worklets\UWorklet.php(94): call_user_func_array()
#24 unknown(0): WBaseInit->__call()
#25 D:\xampp\htdocs\pinnect\framework\uniprogy\framework\yii\web\actions\UAction.php(28): WBaseInit->build()
#26 D:\xampp\htdocs\pinnect\framework\yii\framework\web\actions\CAction.php(72): UAction->run()
#27 D:\xampp\htdocs\pinnect\framework\yii\framework\web\CController.php(300): UAction->runWithParams()
#28 D:\xampp\htdocs\pinnect\framework\yii\framework\web\filters\CFilterChain.php(134): DefaultController->runAction()
#29 D:\xampp\htdocs\pinnect\framework\yii\framework\web\filters\CFilter.php(41): CFilterChain->run()
#30 D:\xampp\htdocs\pinnect\framework\yii\framework\web\filters\CFilterChain.php(131): UAccessFilter->filter()
#31 D:\xampp\htdocs\pinnect\framework\yii\framework\web\CController.php(283): CFilterChain->run()
#32 D:\xampp\htdocs\pinnect\framework\yii\framework\web\CController.php(257): DefaultController->runActionWithFilters()
#33 D:\xampp\htdocs\pinnect\framework\yii\framework\web\CWebApplication.php(277): DefaultController->run()
#34 D:\xampp\htdocs\pinnect\framework\yii\framework\web\CWebApplication.php(136): UApp->runController()
#35 D:\xampp\htdocs\pinnect\framework\yii\framework\base\CApplication.php(158): UApp->processRequest()
#36 D:\xampp\htdocs\pinnect\index.php(12): UApp->run()
REQUEST_URI=/pinnect/
2012/11/23 17:37:27 [error] [exception.CException] exception 'CException' with message 'WPictureHelper and its behaviors do not have a method or closure named "taskcardContent".' in D:\xampp\htdocs\pinnect\framework\yii\framework\base\CComponent.php:269
Stack trace:
#0 D:\xampp\htdocs\pinnect\framework\uniprogy\framework\worklets\UWorklet.php(95): CComponent->__call('taskcardContent', Array)
#1 [internal function]: UWorklet->__call('cardContent', Array)
#2 D:\xampp\htdocs\pinnect\themes\classic\views\worklets\picture\pictureCard.php(8): WPictureHelper->cardContent(Object(MPicturePostList))
#3 D:\xampp\htdocs\pinnect\framework\yii\framework\web\CBaseController.php(119): require('D:\xampp\htdocs...')
#4 D:\xampp\htdocs\pinnect\framework\yii\framework\web\CBaseController.php(88): CBaseController->renderInternal('D:\xampp\htdocs...', Array, true)
#5 D:\xampp\htdocs\pinnect\framework\uniprogy\framework\worklets\UWidgetWorklet.php(339): CBaseController->renderFile('D:\xampp\htdocs...', Array, true)
#6 D:\xampp\htdocs\pinnect\framework\yii\framework\zii\widgets\CListView.php(242): UWidgetWorklet->render('pictureCard', Array)
#7 D:\xampp\htdocs\pinnect\framework\yii\framework\zii\widgets\CBaseListView.php(158): CListView->renderItems()
#8 [internal function]: CBaseListView->renderSection(Array)
#9 D:\xampp\htdocs\pinnect\framework\yii\framework\zii\widgets\CBaseListView.php(141): preg_replace_callback('/{(\w+)}/', Array, '{items}?{pager}')
#10 D:\xampp\htdocs\pinnect\framework\yii\framework\zii\widgets\CBaseListView.php(126): CBaseListView->renderContent()
#11 D:\xampp\htdocs\pinnect\framework\yii\framework\web\CBaseController.php(166): CBaseListView->run()
#12 D:\xampp\htdocs\pinnect\framework\uniprogy\framework\worklets\UListWorklet.php(202): CBaseController->widget('zii.widgets.CLi...', Array)
#13 D:\xampp\htdocs\pinnect\protected\modules\picture\worklets\WPictureList.php(49): UListWorklet->taskRenderOutput()
#14 [internal function]: WPictureList->taskRenderOutput()
#15 D:\xampp\htdocs\pinnect\framework\uniprogy\framework\worklets\UWorklet.php(94): call_user_func_array(Array, Array)
#16 [internal function]: UWorklet->__call('renderOutput', Array)
#17 D:\xampp\htdocs\pinnect\framework\uniprogy\framework\worklets\UWidgetWorklet.php(65): WPictureList->renderOutput()
#18 D:\xampp\htdocs\pinnect\protected\modules\base\worklets\WBaseInit.php(266): UWidgetWorklet->run()
#19 [internal function]: WBaseInit->taskRecordClips()
#20 D:\xampp\htdocs\pinnect\framework\uniprogy\framework\worklets\UWorklet.php(94): call_user_func_array(Array, Array)
#21 [internal function]: UWorklet->__call('recordClips', Array)
#22 D:\xampp\htdocs\pinnect\protected\modules\base\worklets\WBaseInit.php(129): WBaseInit->recordClips()
#23 [internal function]: WBaseInit->taskRenderPage()
#24 D:\xampp\htdocs\pinnect\framework\uniprogy\framework\worklets\UWorklet.php(94): call_user_func_array(Array, Array)
#25 [internal function]: UWorklet->__call('renderPage', Array)
#26 D:\xampp\htdocs\pinnect\protected\modules\base\worklets\WBaseInit.php(40): WBaseInit->renderPage()
#27 [internal function]: WBaseInit->taskBuild()
#28 D:\xampp\htdocs\pinnect\framework\uniprogy\framework\worklets\UWorklet.php(94): call_user_func_array(Array, Array)
#29 [internal function]: UWorklet->__call('build', Array)
#30 D:\xampp\htdocs\pinnect\framework\uniprogy\framework\yii\web\actions\UAction.php(28): WBaseInit->build()
#31 D:\xampp\htdocs\pinnect\framework\yii\framework\web\actions\CAction.php(72): UAction->run()
#32 D:\xampp\htdocs\pinnect\framework\yii\framework\web\CController.php(300): CAction->runWithParams(Array)
#33 D:\xampp\htdocs\pinnect\framework\yii\framework\web\filters\CFilterChain.php(134): CController->runAction(Object(UAction))
#34 D:\xampp\htdocs\pinnect\framework\yii\framework\web\filters\CFilter.php(41): CFilterChain->run()
#35 D:\xampp\htdocs\pinnect\framework\yii\framework\web\filters\CFilterChain.php(131): CFilter->filter(Object(CFilterChain))
#36 D:\xampp\htdocs\pinnect\framework\yii\framework\web\CController.php(283): CFilterChain->run()
#37 D:\xampp\htdocs\pinnect\framework\yii\framework\web\CController.php(257): CController->runActionWithFilters(Object(UAction), Array)
#38 D:\xampp\htdocs\pinnect\framework\yii\framework\web\CWebApplication.php(277): CController->run('')
#39 D:\xampp\htdocs\pinnect\framework\yii\framework\web\CWebApplication.php(136): CWebApplication->runController('')
#40 D:\xampp\htdocs\pinnect\framework\yii\framework\base\CApplication.php(158): CWebApplication->processRequest()
#41 D:\xampp\htdocs\pinnect\index.php(12): CApplication->run()
#42 {main} REQUEST_URI=/pinnect/
2012/11/24 09:33:05 [error] [exception.CException] exception 'CException' with message 'WPictureHelper and its behaviors do not have a method or closure named "taskcardContent".' in D:\xampp\htdocs\pinnect\framework\yii\framework\base\CComponent.php:269
Stack trace:
#0 D:\xampp\htdocs\pinnect\framework\uniprogy\framework\worklets\UWorklet.php(95): CComponent->__call('taskcardContent', Array)
#1 [internal function]: UWorklet->__call('cardContent', Array)
#2 D:\xampp\htdocs\pinnect\themes\classic\views\worklets\picture\pictureCard.php(8): WPictureHelper->cardContent(Object(MPicturePostList))
#3 D:\xampp\htdocs\pinnect\framework\yii\framework\web\CBaseController.php(119): require('D:\xampp\htdocs...')
#4 D:\xampp\htdocs\pinnect\framework\yii\framework\web\CBaseController.php(88): CBaseController->renderInternal('D:\xampp\htdocs...', Array, true)
#5 D:\xampp\htdocs\pinnect\framework\uniprogy\framework\worklets\UWidgetWorklet.php(339): CBaseController->renderFile('D:\xampp\htdocs...', Array, true)
#6 D:\xampp\htdocs\pinnect\framework\yii\framework\zii\widgets\CListView.php(242): UWidgetWorklet->render('pictureCard', Array)
#7 D:\xampp\htdocs\pinnect\framework\yii\framework\zii\widgets\CBaseListView.php(158): CListView->renderItems()
#8 [internal function]: CBaseListView->renderSection(Array)
#9 D:\xampp\htdocs\pinnect\framework\yii\framework\zii\widgets\CBaseListView.php(141): preg_replace_callback('/{(\w+)}/', Array, '{items}?{pager}')
#10 D:\xampp\htdocs\pinnect\framework\yii\framework\zii\widgets\CBaseListView.php(126): CBaseListView->renderContent()
#11 D:\xampp\htdocs\pinnect\framework\yii\framework\web\CBaseController.php(166): CBaseListView->run()
#12 D:\xampp\htdocs\pinnect\framework\uniprogy\framework\worklets\UListWorklet.php(202): CBaseController->widget('zii.widgets.CLi...', Array)
#13 D:\xampp\htdocs\pinnect\protected\modules\picture\worklets\WPictureList.php(49): UListWorklet->taskRenderOutput()
#14 [internal function]: WPictureList->taskRenderOutput()
#15 D:\xampp\htdocs\pinnect\framework\uniprogy\framework\worklets\UWorklet.php(94): call_user_func_array(Array, Array)
#16 [internal function]: UWorklet->__call('renderOutput', Array)
#17 D:\xampp\htdocs\pinnect\framework\uniprogy\framework\worklets\UWidgetWorklet.php(65): WPictureList->renderOutput()
#18 D:\xampp\htdocs\pinnect\protected\modules\base\worklets\WBaseInit.php(266): UWidgetWorklet->run()
#19 [internal function]: WBaseInit->taskRecordClips()
#20 D:\xampp\htdocs\pinnect\framework\uniprogy\framework\worklets\UWorklet.php(94): call_user_func_array(Array, Array)
#21 [internal function]: UWorklet->__call('recordClips', Array)
#22 D:\xampp\htdocs\pinnect\protected\modules\base\worklets\WBaseInit.php(129): WBaseInit->recordClips()
#23 [internal function]: WBaseInit->taskRenderPage()
#24 D:\xampp\htdocs\pinnect\framework\uniprogy\framework\worklets\UWorklet.php(94): call_user_func_array(Array, Array)
#25 [internal function]: UWorklet->__call('renderPage', Array)
#26 D:\xampp\htdocs\pinnect\protected\modules\base\worklets\WBaseInit.php(40): WBaseInit->renderPage()
#27 [internal function]: WBaseInit->taskBuild()
#28 D:\xampp\htdocs\pinnect\framework\uniprogy\framework\worklets\UWorklet.php(94): call_user_func_array(Array, Array)
#29 [internal function]: UWorklet->__call('build', Array)
#30 D:\xampp\htdocs\pinnect\framework\uniprogy\framework\yii\web\actions\UAction.php(28): WBaseInit->build()
#31 D:\xampp\htdocs\pinnect\framework\yii\framework\web\actions\CAction.php(72): UAction->run()
#32 D:\xampp\htdocs\pinnect\framework\yii\framework\web\CController.php(300): CAction->runWithParams(Array)
#33 D:\xampp\htdocs\pinnect\framework\yii\framework\web\filters\CFilterChain.php(134): CController->runAction(Object(UAction))
#34 D:\xampp\htdocs\pinnect\framework\yii\framework\web\filters\CFilter.php(41): CFilterChain->run()
#35 D:\xampp\htdocs\pinnect\framework\yii\framework\web\filters\CFilterChain.php(131): CFilter->filter(Object(CFilterChain))
#36 D:\xampp\htdocs\pinnect\framework\yii\framework\web\CController.php(283): CFilterChain->run()
#37 D:\xampp\htdocs\pinnect\framework\yii\framework\web\CController.php(257): CController->runActionWithFilters(Object(UAction), Array)
#38 D:\xampp\htdocs\pinnect\framework\yii\framework\web\CWebApplication.php(277): CController->run('')
#39 D:\xampp\htdocs\pinnect\framework\yii\framework\web\CWebApplication.php(136): CWebApplication->runController('')
#40 D:\xampp\htdocs\pinnect\framework\yii\framework\base\CApplication.php(158): CWebApplication->processRequest()
#41 D:\xampp\htdocs\pinnect\index.php(12): CApplication->run()
#42 {main} REQUEST_URI=/pinnect/
2012/11/24 10:29:08 [error] [php] Cannot modify header information - headers already sent by (output started at D:\xampp\htdocs\pinnect\framework\yii\framework\i18n\CLocale.php:86) (D:\xampp\htdocs\pinnect\protected\modules\base\worklets\WBaseInit.php:118)
Stack trace:
#0 D:\xampp\htdocs\pinnect\framework\uniprogy\framework\worklets\UWorklet.php(94): call_user_func_array()
#1 unknown(0): WBaseInit->__call()
#2 D:\xampp\htdocs\pinnect\protected\modules\base\worklets\WBaseInit.php(40): WBaseInit->renderPage()
#3 unknown(0): WBaseInit->taskBuild()
#4 D:\xampp\htdocs\pinnect\framework\uniprogy\framework\worklets\UWorklet.php(94): call_user_func_array()
#5 unknown(0): WBaseInit->__call()
#6 D:\xampp\htdocs\pinnect\framework\uniprogy\framework\yii\web\actions\UAction.php(28): WBaseInit->build()
#7 D:\xampp\htdocs\pinnect\framework\yii\framework\web\actions\CAction.php(72): UAction->run()
#8 D:\xampp\htdocs\pinnect\framework\yii\framework\web\CController.php(300): UAction->runWithParams()
#9 D:\xampp\htdocs\pinnect\framework\yii\framework\web\filters\CFilterChain.php(134): DefaultController->runAction()
#10 D:\xampp\htdocs\pinnect\framework\yii\framework\web\filters\CFilter.php(41): CFilterChain->run()
#11 D:\xampp\htdocs\pinnect\framework\yii\framework\web\filters\CFilterChain.php(131): UAccessFilter->filter()
#12 D:\xampp\htdocs\pinnect\framework\yii\framework\web\CController.php(283): CFilterChain->run()
#13 D:\xampp\htdocs\pinnect\framework\yii\framework\web\CController.php(257): DefaultController->runActionWithFilters()
#14 D:\xampp\htdocs\pinnect\framework\yii\framework\web\CWebApplication.php(277): DefaultController->run()
#15 D:\xampp\htdocs\pinnect\framework\yii\framework\web\CWebApplication.php(136): UApp->runController()
#16 D:\xampp\htdocs\pinnect\framework\yii\framework\base\CApplication.php(158): UApp->processRequest()
#17 D:\xampp\htdocs\pinnect\index.php(12): UApp->run()
REQUEST_URI=/pinnect/
